dvbstream-0.6+cvs20060501/
dvbstream-0.6+cvs20060501/Makefile
dvbstream-0.6+cvs20060501/CHANGES
dvbstream-0.6+cvs20060501/COPYING
dvbstream-0.6+cvs20060501/do_route.sh
dvbstream-0.6+cvs20060501/README
dvbstream-0.6+cvs20060501/TELNET/
dvbstream-0.6+cvs20060501/TELNET/svdrpsend.pl
dvbstream-0.6+cvs20060501/TELNET/README
dvbstream-0.6+cvs20060501/TELNET/cnn.sh
dvbstream-0.6+cvs20060501/TELNET/itn.sh
dvbstream-0.6+cvs20060501/TELNET/virgin.sh
dvbstream-0.6+cvs20060501/TELNET/xfm.sh
dvbstream-0.6+cvs20060501/dumprtp.c
dvbstream-0.6+cvs20060501/dvb_defaults.h
dvbstream-0.6+cvs20060501/dvbstream.c
dvbstream-0.6+cvs20060501/rtp.c
dvbstream-0.6+cvs20060501/rtp.h
dvbstream-0.6+cvs20060501/rtpfeed.c
dvbstream-0.6+cvs20060501/rtpradio.sh
dvbstream-0.6+cvs20060501/rtptv.sh
dvbstream-0.6+cvs20060501/server.c
dvbstream-0.6+cvs20060501/ts_filter.c
dvbstream-0.6+cvs20060501/tune.c
dvbstream-0.6+cvs20060501/tune.h
dvbstream-0.6+cvs20060501/mpegtools/
dvbstream-0.6+cvs20060501/mpegtools/ctools.c
dvbstream-0.6+cvs20060501/mpegtools/ctools.h
dvbstream-0.6+cvs20060501/mpegtools/remux.c
dvbstream-0.6+cvs20060501/mpegtools/remux.h
dvbstream-0.6+cvs20060501/mpegtools/ringbuffy.c
dvbstream-0.6+cvs20060501/mpegtools/ringbuffy.h
dvbstream-0.6+cvs20060501/mpegtools/transform.c
dvbstream-0.6+cvs20060501/mpegtools/transform.h
dvbstream-0.6+cvs20060501/build-stamp
